"Task Aware Debugger for GDB" version 24.12.0 (202407110909)
Copyright 2016-2023 NXP
==================================
10:32:42.740 INFO: [ZephyrRTOS] .config file could not be read [C:\PROJECTS\EMBEDDED\FINAL_PROJECT\OMNIROVER\MCXN947_Project.zip_expanded\MCXN947_Project\Debug\.config (The system cannot find the file specified)]
10:32:42.740 INFO: [TadModel] DSF session ID 0 has started.
10:32:49.517 INFO: [ZephyrRTOS] .config file could not be read [invalid launch in DSF session]
10:32:49.517 INFO: [TadModel] DSF session ID 1 has started.
10:32:51.569 INFO: [TadState] TAD state changed: DEBUG_STARTED -> DEBUG_INIT_0 (SUSPENDED, USER_REQUEST)
10:32:51.661 INFO: [TadState] TAD state changed: DEBUG_INIT_0 -> DEBUG_INIT_1 (SUSPENDED, USER_REQUEST)
10:32:52.471 INFO: [TadState] TAD state changed: DEBUG_INIT_1 -> DEBUG_SUSPENDED (RESUMED, USER_REQUEST)
10:32:52.534 INFO: [TadState] TAD state changed: DEBUG_SUSPENDED -> DEBUG_SUSPENDED (SUSPENDED, BREAKPOINT)
10:32:59.178 INFO: [TadState] TAD state changed: DEBUG_SUSPENDED -> DEBUG_RESUMED (RESUMED, STEP)
10:32:59.205 INFO: [TadState] TAD state changed: DEBUG_RESUMED -> READY (SUSPENDED, STEP)
10:33:00.391 INFO: [TadState] TAD state changed: READY -> DEBUG_RESUMED (RESUMED, STEP)
10:33:00.427 INFO: [TadState] TAD state changed: DEBUG_RESUMED -> READY (SUSPENDED, STEP)
10:33:01.859 INFO: [TadState] TAD state changed: READY -> DEBUG_RESUMED (RESUMED, STEP)
10:33:01.900 INFO: [TadState] TAD state changed: DEBUG_RESUMED -> READY (SUSPENDED, STEP)
10:33:02.642 INFO: [TadState] TAD state changed: READY -> DEBUG_RESUMED (RESUMED, STEP)
10:33:02.659 INFO: [TadState] TAD state changed: DEBUG_RESUMED -> READY (SUSPENDED, STEP)
10:33:03.333 INFO: [TadState] TAD state changed: READY -> DEBUG_RESUMED (RESUMED, STEP)
10:33:03.350 INFO: [TadState] TAD state changed: DEBUG_RESUMED -> READY (SUSPENDED, STEP)
10:33:04.47 INFO: [TadState] TAD state changed: READY -> DEBUG_RESUMED (RESUMED, STEP)
10:33:04.66 INFO: [TadState] TAD state changed: DEBUG_RESUMED -> READY (SUSPENDED, STEP)
10:33:04.902 INFO: [TadState] TAD state changed: READY -> DEBUG_RESUMED (RESUMED, STEP)
10:33:04.943 INFO: [TadState] TAD state changed: DEBUG_RESUMED -> READY (SUSPENDED, STEP)
10:33:05.623 INFO: [TadState] TAD state changed: READY -> DEBUG_RESUMED (RESUMED, STEP)
10:33:05.641 INFO: [TadState] TAD state changed: DEBUG_RESUMED -> READY (SUSPENDED, STEP)
10:33:06.232 INFO: [TadState] TAD state changed: READY -> DEBUG_RESUMED (RESUMED, STEP)
10:33:06.244 INFO: [TadState] TAD state changed: DEBUG_RESUMED -> READY (SUSPENDED, STEP)
10:38:11.90 INFO: [TadState] TAD state changed: READY -> DEBUG_RESUMED (RESUMED, USER_REQUEST)
10:59:31.807 INFO: [TadState] TAD state changed: DEBUG_RESUMED -> READY (SUSPENDED, SIGNAL)
10:59:34.488 INFO: [TadModel] DSF session ID 0 has ended.
